#
# There is insufficient memory for the Java Runtime Environment to continue.
# Native memory allocation (mmap) failed to map 65536 bytes for Failed to commit area from 0x000001f2ddca0000 to 0x000001f2ddcb0000 of length 65536.
# Possible reasons:
#   The system is out of physical RAM or swap space
#   The process is running with CompressedOops enabled, and the Java Heap may be blocking the growth of the native heap
# Possible solutions:
#   Reduce memory load on the system
#   Increase physical memory or swap space
#   Check if swap backing store is full
#   Decrease Java heap size (-Xmx/-Xms)
#   Decrease number of Java threads
#   Decrease Java thread stack sizes (-Xss)
#   Set larger code cache with -XX:ReservedCodeCacheSize=
# This output file may be truncated or incomplete.
#
#  Out of Memory Error (./src/hotspot/os/windows/os_windows.cpp:3386), pid=20420, tid=16432
#
# JRE version:  (11.0.16.1+1) (build )
# Java VM: OpenJDK 64-Bit Server VM (11.0.16.1+1, mixed mode, sharing, tiered, compressed oops, g1 gc, windows-amd64)
# No core dump will be written. Minidumps are not enabled by default on client versions of Windows
#

---------------  S U M M A R Y ------------

Command Line: -javaagent:C:\Program Files\JetBrains\IntelliJ IDEA Community Edition 2021.3.2\lib\idea_rt.jar=57481:C:\Program Files\JetBrains\IntelliJ IDEA Community Edition 2021.3.2\bin -Dfile.encoding=UTF-8 ru.geekbrains.mini.market.MiniMarketApplication

Host: Intel(R) Core(TM) i3-4130 CPU @ 3.40GHz, 4 cores, 19G,  Windows 10 , 64 bit Build 19041 (10.0.19041.1889)
Time: Sun Sep 18 18:44:45 2022 RTZ 2 (s 10 , 64 bit Build 19041 (10.0.19041.1889) elapsed time: 0.026872 seconds (0d 0h 0m 0s)

---------------  T H R E A D  ---------------

Current thread (0x000001f2bf65b000):  JavaThread "Unknown thread" [_thread_in_vm, id=16432, stack(0x00000002cbd00000,0x00000002cbe00000)]

Stack: [0x00000002cbd00000,0x00000002cbe00000]
Native frames: (J=compiled Java code, j=interpreted, Vv=VM code, C=native code)
V  [jvm.dll+0x61f18a]
V  [jvm.dll+0x7abb09]
V  [jvm.dll+0x7ad1f8]
V  [jvm.dll+0x7ad8d3]
V  [jvm.dll+0x24fc38]
V  [jvm.dll+0x61c49a]
V  [jvm.dll+0x610c45]
V  [jvm.dll+0x307b5c]
V  [jvm.dll+0x3079e2]
V  [jvm.dll+0x30c810]
V  [jvm.dll+0x352b75]
V  [jvm.dll+0x352580]
V  [jvm.dll+0x2e4b58]
V  [jvm.dll+0x2e5cb6]
V  [jvm.dll+0x785957]
V  [jvm.dll+0x7870df]
V  [jvm.dll+0x35f899]
V  [jvm.dll+0x7688c0]
V  [jvm.dll+0x3cd3bf]
V  [jvm.dll+0x3cf751]
C  [jli.dll+0x5207]
C  [ucrtbase.dll+0x21bb2]
C  [KERNEL32.DLL+0x17034]
C  [ntdll.dll+0x526a1]


---------------  P R O C E S S  ---------------

Threads class SMR info:
_java_thread_list=0x000001f2bd549e50, length=0, elements={
}

Java Threads: ( => current thread )

Other Threads:
  0x000001f2bf674800 GCTaskThread "GC Thread#0" [stack: 0x00000002cbe00000,0x00000002cbf00000] [id=17956]
  0x000001f2bf6e8800 ConcurrentGCThread "G1 Main Marker" [stack: 0x00000002cbf00000,0x00000002cc000000] [id=23760]
  0x000001f2bf6ea000 ConcurrentGCThread "G1 Conc#0" [stack: 0x00000002cc000000,0x00000002cc100000] [id=14472]

[error occurred during error reporting (printing all threads), id 0xc0000005, EXCEPTION_ACCESS_VIOLATION (0xc0000005) at pc=0x00007ffca4624327]

VM state:not at safepoint (not fully initialized)

VM Mutex/Monitor currently owned by a thread:  ([mutex/lock_event])
[0x000001f2bf657200] Heap_lock - owner thread: 0x000001f2bf65b000

Heap address: 0x00000006c0c00000, size: 5108 MB, Compressed Oops mode: Non-zero based: 0x00000006c0c00000
Narrow klass base: 0x0000000000000000, Narrow klass shift: 0

GC Heap History (0 events):
No events

Deoptimization events (0 events):
No events

Classes redefined (0 events):
No events

Internal exceptions (0 events):
No events

Events (1 events):
Event: 0.014 Loaded shared library C:\Program Files\Eclipse Adoptium\jdk-11.0.16.101-hotspot\bin\zip.dll


Dynamic libraries:
0x00007ff77c0d0000 - 0x00007ff77c0dd000 	C:\Program Files\Eclipse Adoptium\jdk-11.0.16.101-hotspot\bin\java.exe
0x00007ffd08230000 - 0x00007ffd08428000 	C:\Windows\SYSTEM32\ntdll.dll
0x00007ffce2370000 - 0x00007ffce2387000 	C:\Program Files\Avast Software\Avast\aswhook.dll
0x00007ffd06a60000 - 0x00007ffd06b1d000 	C:\Windows\System32\KERNEL32.DLL
0x00007ffd059f0000 - 0x00007ffd05cbe000 	C:\Windows\System32\KERNELBASE.dll
0x00007ffd05f00000 - 0x00007ffd06000000 	C:\Windows\System32\ucrtbase.dll
0x00007ffd017c0000 - 0x00007ffd017d7000 	C:\Program Files\Eclipse Adoptium\jdk-11.0.16.101-hotspot\bin\jli.dll
0x00007ffd06820000 - 0x00007ffd069c0000 	C:\Windows\System32\USER32.dll
0x00007ffd06000000 - 0x00007ffd06022000 	C:\Windows\System32\win32u.dll
0x00007ffd07380000 - 0x00007ffd073aa000 	C:\Windows\System32\GDI32.dll
0x00007ffd060a0000 - 0x00007ffd061ab000 	C:\Windows\System32\gdi32full.dll
0x00007ffd05950000 - 0x00007ffd059ed000 	C:\Windows\System32\msvcp_win.dll
0x00007ffd01180000 - 0x00007ffd01195000 	C:\Program Files\Eclipse Adoptium\jdk-11.0.16.101-hotspot\bin\VCRUNTIME140.dll
0x00007ffcea850000 - 0x00007ffceaaea000 	C:\Windows\WinSxS\amd64_microsoft.windows.common-controls_6595b64144ccf1df_6.0.19041.1110_none_60b5254171f9507e\COMCTL32.dll
0x00007ffd069c0000 - 0x00007ffd06a5e000 	C:\Windows\System32\msvcrt.dll
0x00007ffd071b0000 - 0x00007ffd071e0000 	C:\Windows\System32\IMM32.DLL
0x00007ffce3850000 - 0x00007ffce38eb000 	C:\Program Files\Eclipse Adoptium\jdk-11.0.16.101-hotspot\bin\msvcp140.dll
0x00007ffca4330000 - 0x00007ffca4eb2000 	C:\Program Files\Eclipse Adoptium\jdk-11.0.16.101-hotspot\bin\server\jvm.dll
0x00007ffd06770000 - 0x00007ffd0681e000 	C:\Windows\System32\ADVAPI32.dll
0x00007ffd07070000 - 0x00007ffd0710c000 	C:\Windows\System32\sechost.dll
0x00007ffd062a0000 - 0x00007ffd063c5000 	C:\Windows\System32\RPCRT4.dll
0x00007ffd07240000 - 0x00007ffd07248000 	C:\Windows\System32\PSAPI.DLL
0x00007ffcf3a50000 - 0x00007ffcf3a59000 	C:\Windows\SYSTEM32\WSOCK32.dll
0x00007ffd08060000 - 0x00007ffd080cb000 	C:\Windows\System32\WS2_32.dll
0x00007ffcf4c40000 - 0x00007ffcf4c67000 	C:\Windows\SYSTEM32\WINMM.dll
0x00007ffd01340000 - 0x00007ffd0134a000 	C:\Windows\SYSTEM32\VERSION.dll
0x00007ffd041f0000 - 0x00007ffd04202000 	C:\Windows\SYSTEM32\kernel.appcore.dll
0x00007ffd01170000 - 0x00007ffd01180000 	C:\Program Files\Eclipse Adoptium\jdk-11.0.16.101-hotspot\bin\verify.dll
0x00007ffcff850000 - 0x00007ffcffa34000 	C:\Windows\SYSTEM32\DBGHELP.DLL
0x00007ffcffbf0000 - 0x00007ffcffc1c000 	C:\Windows\SYSTEM32\dbgcore.DLL
0x00007ffd05e70000 - 0x00007ffd05ef2000 	C:\Windows\System32\bcryptPrimitives.dll
0x00007ffcfe7c0000 - 0x00007ffcfe7e8000 	C:\Program Files\Eclipse Adoptium\jdk-11.0.16.101-hotspot\bin\java.dll
0x00007ffd01090000 - 0x00007ffd0109a000 	C:\Program Files\Eclipse Adoptium\jdk-11.0.16.101-hotspot\bin\jimage.dll
0x00007ffcfec20000 - 0x00007ffcfec2e000 	C:\Program Files\Eclipse Adoptium\jdk-11.0.16.101-hotspot\bin\instrument.dll
0x00007ffcfe7a0000 - 0x00007ffcfe7b8000 	C:\Program Files\Eclipse Adoptium\jdk-11.0.16.101-hotspot\bin\zip.dll

dbghelp: loaded successfully - version: 4.0.5 - missing functions: none
symbol engine: initialized successfully - sym options: 0x614 - pdb path: .;C:\Program Files\Eclipse Adoptium\jdk-11.0.16.101-hotspot\bin;C:\Windows\SYSTEM32;C:\Program Files\Avast Software\Avast;C:\Windows\WinSxS\amd64_microsoft.windows.common-controls_6595b64144ccf1df_6.0.19041.1110_none_60b5254171f9507e;C:\Program Files\Eclipse Adoptium\jdk-11.0.16.101-hotspot\bin\server

VM Arguments:
jvm_args: -javaagent:C:\Program Files\JetBrains\IntelliJ IDEA Community Edition 2021.3.2\lib\idea_rt.jar=57481:C:\Program Files\JetBrains\IntelliJ IDEA Community Edition 2021.3.2\bin -Dfile.encoding=UTF-8 
java_command: ru.geekbrains.mini.market.MiniMarketApplication
java_class_path (initial): E:\Downloads\Mila\Downloads\mini-market (2)\mini-market\target\classes;C:\Users\Mila\.m2\repository\org\springframework\boot\spring-boot-starter-data-jpa\2.4.0\spring-boot-starter-data-jpa-2.4.0.jar;C:\Users\Mila\.m2\repository\org\springframework\boot\spring-boot-starter-aop\2.4.0\spring-boot-starter-aop-2.4.0.jar;C:\Users\Mila\.m2\repository\org\springframework\spring-aop\5.3.1\spring-aop-5.3.1.jar;C:\Users\Mila\.m2\repository\org\aspectj\aspectjweaver\1.9.6\aspectjweaver-1.9.6.jar;C:\Users\Mila\.m2\repository\org\springframework\boot\spring-boot-starter-jdbc\2.4.0\spring-boot-starter-jdbc-2.4.0.jar;C:\Users\Mila\.m2\repository\com\zaxxer\HikariCP\3.4.5\HikariCP-3.4.5.jar;C:\Users\Mila\.m2\repository\org\springframework\spring-jdbc\5.3.1\spring-jdbc-5.3.1.jar;C:\Users\Mila\.m2\repository\jakarta\transaction\jakarta.transaction-api\1.3.3\jakarta.transaction-api-1.3.3.jar;C:\Users\Mila\.m2\repository\jakarta\persistence\jakarta.persistence-api\2.2.3\jakarta.persistence-api-2.2.3.jar;C:\Users\Mila\.m2\repository\org\hibernate\hibernate-core\5.4.23.Final\hibernate-core-5.4.23.Final.jar;C:\Users\Mila\.m2\repository\org\jboss\logging\jboss-logging\3.4.1.Final\jboss-logging-3.4.1.Final.jar;C:\Users\Mila\.m2\repository\org\javassist\javassist\3.24.0-GA\javassist-3.24.0-GA.jar;C:\Users\Mila\.m2\repository\net\bytebuddy\byte-buddy\1.10.18\byte-buddy-1.10.18.jar;C:\Users\Mila\.m2\repository\antlr\antlr\2.7.7\antlr-2.7.7.jar;C:\Users\Mila\.m2\repository\org\jboss\jandex\2.1.3.Final\jandex-2.1.3.Final.jar;C:\Users\Mila\.m2\repository\org\dom4j\dom4j\2.1.3\dom4j-2.1.3.jar;C:\Users\Mila\.m2\repository\org\hibernate\common\hibernate-commons-annotations\5.1.2.Final\hibernate-commons-annotations-5.1.2.Final.jar;C:\Users\Mila\.m2\repository\org\glassfish\jaxb\jaxb-runtime\2.3.3\jaxb-runtime-2.3.3.jar;C:\Users\Mila\.m2\repository\org\glassfish\jaxb\txw2\2.3.3\txw2-2.3.3.jar;C:\Users\Mila\.m2\repository\com\sun\istack\istack-commons-runtime\3.0.11\istack-c
Launcher Type: SUN_STANDARD

[Global flags]
     intx CICompilerCount                          = 3                                         {product} {ergonomic}
     uint ConcGCThreads                            = 1                                         {product} {ergonomic}
     uint G1ConcRefinementThreads                  = 4                                         {product} {ergonomic}
   size_t G1HeapRegionSize                         = 1048576                                   {product} {ergonomic}
    uintx GCDrainStackTargetSize                   = 64                                        {product} {ergonomic}
   size_t InitialHeapSize                          = 335544320                                 {product} {ergonomic}
   size_t MarkStackSize                            = 4194304                                   {product} {ergonomic}
   size_t MaxHeapSize                              = 5356126208                                {product} {ergonomic}
   size_t MinHeapDeltaBytes                        = 1048576                                   {product} {ergonomic}
    uintx NonNMethodCodeHeapSize                   = 5830732                                {pd product} {ergonomic}
    uintx NonProfiledCodeHeapSize                  = 122913754                              {pd product} {ergonomic}
    uintx ProfiledCodeHeapSize                     = 122913754                              {pd product} {ergonomic}
    uintx ReservedCodeCacheSize                    = 251658240                              {pd product} {ergonomic}
     bool SegmentedCodeCache                       = true                                      {product} {ergonomic}
     bool UseCompressedClassPointers               = true                                 {lp64_product} {ergonomic}
     bool UseCompressedOops                        = true                                 {lp64_product} {ergonomic}
     bool UseG1GC                                  = true                                      {product} {ergonomic}
     bool UseLargePagesIndividualAllocation        = false                                  {pd product} {ergonomic}

Logging:
Log output configuration:
 #0: stdout all=warning uptime,level,tags
 #1: stderr all=off uptime,level,tags

Environment Variables:
JAVA_HOME=C:\Program Files\Java\jdk1.8.0_202\jre
PATH=C:\Program Files\Java\jdk1.8.0_202\bin;C:\Windows;C:\Windows\System32\Wbem;C:\Windows\System32\WindowsPowerShell\v1.0\;C:\Windows\System32\OpenSSH\;C:\Program Files (x86)\NVIDIA Corporation\PhysX\Common;C:\Program Files\NVIDIA Corporation\NVIDIA NvDLISR;C:\Program Files\PuTTY\;C:\Program Files\Git\cmd;C:\Program Files\apache-maven-3.8.5\bin;C:\Windows\System32;C:\scoop\apps\allure\2.18.1;C:\scoop\shims;C:\Users\Mila\AppData\Local\Programs\Python\Python39\Scripts\;C:\Users\Mila\AppData\Local\Programs\Python\Python39\;C:\Program Files\MySQL\MySQL Shell 8.0\bin\;C:\Users\Mila\AppData\Local\Microsoft\WindowsApps;C:\Users\Mila\AppData\Local\gitkraken\bin;C:\Users\Mila\AppData\Local\GitHubDesktop\bin;C:\Program Files\JetBrains\PyCharm Community Edition 2021.2\bin;C:\Users\Mila\AppData\Local\Programs\Microsoft VS Code\bin;C:\Users\Mila\AppData\Local\Programs\Fiddler;C:\Program Files\Java\jdk1.8.0_202\jre\bin;C:\Program Files\JetBrains\IntelliJ IDEA Community Edition 2021.3.2\bin
USERNAME=Mila
OS=Windows_NT
PROCESSOR_IDENTIFIER=Intel64 Family 6 Model 60 Stepping 3, GenuineIntel
TMP=C:\Users\Mila\AppData\Local\Temp
TEMP=C:\Users\Mila\AppData\Local\Temp



---------------  S Y S T E M  ---------------

OS: Windows 10 , 64 bit Build 19041 (10.0.19041.1889)
OS uptime: 2 days 18:21 hours

CPU:total 4 (initial active 4) (2 cores per cpu, 2 threads per core) family 6 model 60 stepping 3 microcode 0x27, cmov, cx8, fxsr, mmx, sse, sse2, sse3, ssse3, sse4.1, sse4.2, popcnt, avx, avx2, aes, clmul, erms, lzcnt, ht, tsc, tscinvbit, bmi1, bmi2, fma

Memory: 4k page, system-wide physical 20424M (4611M free)
TotalPageFile size 24520M (AvailPageFile size 5M)
current process WorkingSet (physical memory assigned to process): 15M, peak: 15M
current process commit charge ("private bytes"): 379M, peak: 379M

vm_info: OpenJDK 64-Bit Server VM (11.0.16.1+1) for windows-amd64 JRE (11.0.16.1+1), built on Aug 16 2022 02:58:04 by "" with MS VC++ 15.9 (VS2017)

END.
